Game/Library/Bee/Android/Prj/Mono2x/Gradle/unityLibrary/build/intermediates/manifest_merge_blame_file/debug/manifest-merger-blame-debug-report.txt
1<?xml version="1.0" encoding="utf-8"?>
2<manifest xmlns:android="http://schemas.android.com/apk/res/android"
3    xmlns:tools="http://schemas.android.com/tools"
4    package="com.unity3d.player" >
5
6    <uses-sdk
7        android:minSdkVersion="28"
7-->src\main\AndroidManifest.xml
8        android:targetSdkVersion="32" />
8-->src\main\AndroidManifest.xml
9
10    <uses-permission android:name="android.permission.INTERNET" />
10-->src\main\AndroidManifest.xml:3:3-65
10-->src\main\AndroidManifest.xml:3:20-62
11
12    <uses-feature android:glEsVersion="0x00030000" />
12-->src\main\AndroidManifest.xml:4:3-52
12-->src\main\AndroidManifest.xml:4:17-49
13    <uses-feature
13-->src\main\AndroidManifest.xml:5:3-91
14        android:name="android.hardware.vulkan.version"
14-->src\main\AndroidManifest.xml:5:17-63
15        android:required="false" />
15-->src\main\AndroidManifest.xml:5:64-88
16    <uses-feature
16-->src\main\AndroidManifest.xml:6:3-88
17        android:name="android.hardware.touchscreen"
17-->src\main\AndroidManifest.xml:6:17-60
18        android:required="false" />
18-->src\main\AndroidManifest.xml:6:61-85
19    <uses-feature
19-->src\main\AndroidManifest.xml:7:3-99
20        android:name="android.hardware.touchscreen.multitouch"
20-->src\main\AndroidManifest.xml:7:17-71
21        android:required="false" />
21-->src\main\AndroidManifest.xml:7:72-96
22    <uses-feature
22-->src\main\AndroidManifest.xml:8:3-108
23        android:name="android.hardware.touchscreen.multitouch.distinct"
23-->src\main\AndroidManifest.xml:8:17-80
24        android:required="false" />
24-->src\main\AndroidManifest.xml:8:81-105
25
26    <application android:extractNativeLibs="true" >
26-->src\main\AndroidManifest.xml:9:3-21:17
26-->src\main\AndroidManifest.xml:9:16-48
27        <meta-data
27-->src\main\AndroidManifest.xml:10:5-69
28            android:name="unity.splash-mode"
28-->src\main\AndroidManifest.xml:10:16-48
29            android:value="0" />
29-->src\main\AndroidManifest.xml:10:49-66
30        <meta-data
30-->src\main\AndroidManifest.xml:11:5-74
31            android:name="unity.splash-enable"
31-->src\main\AndroidManifest.xml:11:16-50
32            android:value="True" />
32-->src\main\AndroidManifest.xml:11:51-71
33        <meta-data
33-->src\main\AndroidManifest.xml:12:5-78
34            android:name="unity.launch-fullscreen"
34-->src\main\AndroidManifest.xml:12:16-54
35            android:value="True" />
35-->src\main\AndroidManifest.xml:12:55-75
36        <meta-data
36-->src\main\AndroidManifest.xml:13:5-84
37            android:name="unity.auto-report-fully-drawn"
37-->src\main\AndroidManifest.xml:13:16-60
38            android:value="true" />
38-->src\main\AndroidManifest.xml:13:61-81
39
40        <activity
40-->src\main\AndroidManifest.xml:14:5-20:16
41            android:name="com.unity3d.player.UnityPlayerActivity"
41-->src\main\AndroidManifest.xml:14:15-68
42            android:configChanges="mcc|mnc|locale|touchscreen|keyboard|keyboardHidden|navigation|orientation|screenLayout|uiMode|screenSize|smallestScreenSize|fontScale|layoutDirection|density"
42-->src\main\AndroidManifest.xml:14:184-365
43            android:exported="true"
43-->src\main\AndroidManifest.xml:14:437-460
44            android:hardwareAccelerated="false"
44-->src\main\AndroidManifest.xml:14:401-436
45            android:launchMode="singleTask"
45-->src\main\AndroidManifest.xml:14:152-183
46            android:resizeableActivity="false"
46-->src\main\AndroidManifest.xml:14:366-400
47            android:screenOrientation="userPortrait"
47-->src\main\AndroidManifest.xml:14:111-151
48            android:theme="@style/UnityThemeSelector" >
48-->src\main\AndroidManifest.xml:14:69-110
49            <intent-filter>
49-->src\main\AndroidManifest.xml:15:7-18:23
50                <category android:name="android.intent.category.LAUNCHER" />
50-->src\main\AndroidManifest.xml:16:9-69
50-->src\main\AndroidManifest.xml:16:19-66
51
52                <action android:name="android.intent.action.MAIN" />
52-->src\main\AndroidManifest.xml:17:9-61
52-->src\main\AndroidManifest.xml:17:17-58
53            </intent-filter>
54
55            <meta-data
55-->src\main\AndroidManifest.xml:19:7-82
56                android:name="unityplayer.UnityActivity"
56-->src\main\AndroidManifest.xml:19:18-58
57                android:value="true" />
57-->src\main\AndroidManifest.xml:19:59-79
58        </activity>
59    </application>
60
61</manifest>